  2DCanvas.cpp
d:\visual studio community 2015\projects\2dcanvas\2dcanvas\2dcanvas.cpp(68): warning C4305: 'argument': truncation from 'double' to 'GLfloat'
d:\visual studio community 2015\projects\2dcanvas\2dcanvas\2dcanvas.cpp(112): warning C4305: 'argument': truncation from 'double' to 'GLfloat'
d:\visual studio community 2015\projects\2dcanvas\2dcanvas\2dcanvas.cpp(113): warning C4305: 'argument': truncation from 'double' to 'GLfloat'
d:\visual studio community 2015\projects\2dcanvas\2dcanvas\2dcanvas.cpp(114): warning C4305: 'argument': truncation from 'double' to 'GLfloat'
d:\visual studio community 2015\projects\2dcanvas\2dcanvas\2dcanvas.cpp(115): warning C4305: 'argument': truncation from 'double' to 'GLfloat'
d:\visual studio community 2015\projects\2dcanvas\2dcanvas\2dcanvas.cpp(116): warning C4305: 'argument': truncation from 'double' to 'GLfloat'
d:\visual studio community 2015\projects\2dcanvas\2dcanvas\2dcanvas.cpp(117): warning C4305: 'argument': truncation from 'double' to 'GLfloat'
d:\visual studio community 2015\projects\2dcanvas\2dcanvas\2dcanvas.cpp(145): warning C4305: 'argument': truncation from 'double' to 'GLfloat'
d:\visual studio community 2015\projects\2dcanvas\2dcanvas\2dcanvas.cpp(146): warning C4305: 'argument': truncation from 'double' to 'GLfloat'
d:\visual studio community 2015\projects\2dcanvas\2dcanvas\2dcanvas.cpp(147): warning C4305: 'initializing': truncation from 'double' to 'float'
d:\visual studio community 2015\projects\2dcanvas\2dcanvas\2dcanvas.cpp(147): warning C4305: '-=': truncation from 'double' to 'float'
d:\visual studio community 2015\projects\2dcanvas\2dcanvas\2dcanvas.cpp(148): warning C4305: 'argument': truncation from 'double' to 'GLfloat'
d:\visual studio community 2015\projects\2dcanvas\2dcanvas\2dcanvas.cpp(150): warning C4305: 'initializing': truncation from 'double' to 'float'
d:\visual studio community 2015\projects\2dcanvas\2dcanvas\2dcanvas.cpp(150): warning C4305: '+=': truncation from 'double' to 'float'
d:\visual studio community 2015\projects\2dcanvas\2dcanvas\2dcanvas.cpp(151): warning C4305: 'argument': truncation from 'double' to 'GLfloat'
d:\visual studio community 2015\projects\2dcanvas\2dcanvas\2dcanvas.cpp(153): warning C4305: 'argument': truncation from 'double' to 'GLfloat'
d:\visual studio community 2015\projects\2dcanvas\2dcanvas\2dcanvas.cpp(157): warning C4305: 'argument': truncation from 'double' to 'GLfloat'
d:\visual studio community 2015\projects\2dcanvas\2dcanvas\2dcanvas.cpp(161): warning C4305: 'argument': truncation from 'double' to 'GLfloat'
d:\visual studio community 2015\projects\2dcanvas\2dcanvas\2dcanvas.cpp(162): warning C4305: 'argument': truncation from 'double' to 'GLfloat'
d:\visual studio community 2015\projects\2dcanvas\2dcanvas\2dcanvas.cpp(163): warning C4305: 'argument': truncation from 'double' to 'GLfloat'
d:\visual studio community 2015\projects\2dcanvas\2dcanvas\2dcanvas.cpp(164): warning C4305: 'argument': truncation from 'double' to 'GLfloat'
d:\visual studio community 2015\projects\2dcanvas\2dcanvas\2dcanvas.cpp(168): warning C4305: 'argument': truncation from 'double' to 'GLfloat'
d:\visual studio community 2015\projects\2dcanvas\2dcanvas\2dcanvas.cpp(169): warning C4305: 'argument': truncation from 'double' to 'GLfloat'
d:\visual studio community 2015\projects\2dcanvas\2dcanvas\2dcanvas.cpp(170): warning C4305: 'argument': truncation from 'double' to 'GLfloat'
d:\visual studio community 2015\projects\2dcanvas\2dcanvas\2dcanvas.cpp(173): warning C4305: 'argument': truncation from 'double' to 'GLfloat'
d:\visual studio community 2015\projects\2dcanvas\2dcanvas\2dcanvas.cpp(178): warning C4305: 'argument': truncation from 'double' to 'GLfloat'
d:\visual studio community 2015\projects\2dcanvas\2dcanvas\2dcanvas.cpp(179): warning C4305: 'argument': truncation from 'double' to 'GLfloat'
d:\visual studio community 2015\projects\2dcanvas\2dcanvas\2dcanvas.cpp(180): warning C4305: 'argument': truncation from 'double' to 'GLfloat'
d:\visual studio community 2015\projects\2dcanvas\2dcanvas\2dcanvas.cpp(183): warning C4305: 'argument': truncation from 'double' to 'GLfloat'
d:\visual studio community 2015\projects\2dcanvas\2dcanvas\2dcanvas.cpp(184): warning C4305: 'argument': truncation from 'double' to 'GLfloat'
d:\visual studio community 2015\projects\2dcanvas\2dcanvas\2dcanvas.cpp(185): warning C4305: 'argument': truncation from 'double' to 'GLfloat'
d:\visual studio community 2015\projects\2dcanvas\2dcanvas\2dcanvas.cpp(186): warning C4305: 'argument': truncation from 'double' to 'GLfloat'
d:\visual studio community 2015\projects\2dcanvas\2dcanvas\2dcanvas.cpp(189): warning C4305: 'argument': truncation from 'double' to 'GLfloat'
d:\visual studio community 2015\projects\2dcanvas\2dcanvas\2dcanvas.cpp(190): warning C4305: '+=': truncation from 'double' to 'float'
d:\visual studio community 2015\projects\2dcanvas\2dcanvas\2dcanvas.cpp(191): warning C4244: 'argument': conversion from 'double' to 'GLfloat', possible loss of data
d:\visual studio community 2015\projects\2dcanvas\2dcanvas\2dcanvas.cpp(200): warning C4018: '<': signed/unsigned mismatch
d:\visual studio community 2015\projects\2dcanvas\2dcanvas\2dcanvas.cpp(318): warning C4244: 'argument': conversion from 'int' to 'const float', possible loss of data
d:\visual studio community 2015\projects\2dcanvas\2dcanvas\2dcanvas.cpp(321): warning C4244: 'argument': conversion from 'float' to 'int', possible loss of data
d:\visual studio community 2015\projects\2dcanvas\2dcanvas\2dcanvas.cpp(322): warning C4244: 'argument': conversion from 'float' to 'int', possible loss of data
d:\visual studio community 2015\projects\2dcanvas\2dcanvas\2dcanvas.cpp(327): warning C4244: 'argument': conversion from 'int' to 'const float', possible loss of data
d:\visual studio community 2015\projects\2dcanvas\2dcanvas\2dcanvas.cpp(329): warning C4244: 'argument': conversion from 'float' to 'int', possible loss of data
d:\visual studio community 2015\projects\2dcanvas\2dcanvas\2dcanvas.cpp(330): warning C4244: 'argument': conversion from 'float' to 'int', possible loss of data
d:\visual studio community 2015\projects\2dcanvas\2dcanvas\2dcanvas.cpp(335): warning C4244: 'argument': conversion from 'int' to 'const float', possible loss of data
d:\visual studio community 2015\projects\2dcanvas\2dcanvas\2dcanvas.cpp(337): warning C4244: 'argument': conversion from 'float' to 'int', possible loss of data
d:\visual studio community 2015\projects\2dcanvas\2dcanvas\2dcanvas.cpp(338): warning C4244: 'argument': conversion from 'float' to 'int', possible loss of data
d:\visual studio community 2015\projects\2dcanvas\2dcanvas\2dcanvas.cpp(339): warning C4244: 'argument': conversion from 'float' to 'int', possible loss of data
d:\visual studio community 2015\projects\2dcanvas\2dcanvas\2dcanvas.cpp(344): warning C4244: 'argument': conversion from 'int' to 'const float', possible loss of data
d:\visual studio community 2015\projects\2dcanvas\2dcanvas\2dcanvas.cpp(346): warning C4244: 'argument': conversion from 'float' to 'int', possible loss of data
d:\visual studio community 2015\projects\2dcanvas\2dcanvas\2dcanvas.cpp(347): warning C4244: 'argument': conversion from 'float' to 'int', possible loss of data
d:\visual studio community 2015\projects\2dcanvas\2dcanvas\2dcanvas.cpp(348): warning C4244: 'argument': conversion from 'float' to 'int', possible loss of data
d:\visual studio community 2015\projects\2dcanvas\2dcanvas\2dcanvas.cpp(353): warning C4244: 'argument': conversion from 'int' to 'const float', possible loss of data
d:\visual studio community 2015\projects\2dcanvas\2dcanvas\2dcanvas.cpp(355): warning C4244: 'argument': conversion from 'float' to 'int', possible loss of data
d:\visual studio community 2015\projects\2dcanvas\2dcanvas\2dcanvas.cpp(356): warning C4244: 'argument': conversion from 'float' to 'int', possible loss of data
d:\visual studio community 2015\projects\2dcanvas\2dcanvas\2dcanvas.cpp(361): warning C4244: 'argument': conversion from 'int' to 'const float', possible loss of data
d:\visual studio community 2015\projects\2dcanvas\2dcanvas\2dcanvas.cpp(363): warning C4244: 'argument': conversion from 'float' to 'int', possible loss of data
d:\visual studio community 2015\projects\2dcanvas\2dcanvas\2dcanvas.cpp(364): warning C4244: 'argument': conversion from 'float' to 'int', possible loss of data
d:\visual studio community 2015\projects\2dcanvas\2dcanvas\2dcanvas.cpp(382): warning C4018: '<': signed/unsigned mismatch
d:\visual studio community 2015\projects\2dcanvas\2dcanvas\2dcanvas.cpp(389): warning C4018: '<': signed/unsigned mismatch
d:\visual studio community 2015\projects\2dcanvas\2dcanvas\2dcanvas.cpp(396): warning C4018: '<': signed/unsigned mismatch
d:\visual studio community 2015\projects\2dcanvas\2dcanvas\2dcanvas.cpp(403): warning C4018: '<': signed/unsigned mismatch
d:\visual studio community 2015\projects\2dcanvas\2dcanvas\2dcanvas.cpp(410): warning C4018: '<': signed/unsigned mismatch
d:\visual studio community 2015\projects\2dcanvas\2dcanvas\2dcanvas.cpp(417): warning C4018: '<': signed/unsigned mismatch
d:\visual studio community 2015\projects\2dcanvas\2dcanvas\2dcanvas.cpp(424): warning C4018: '<': signed/unsigned mismatch
d:\visual studio community 2015\projects\2dcanvas\2dcanvas\2dcanvas.cpp(431): warning C4018: '<': signed/unsigned mismatch
d:\visual studio community 2015\projects\2dcanvas\2dcanvas\2dcanvas.cpp(456): warning C4018: '<': signed/unsigned mismatch
  2DCanvas.vcxproj -> D:\Visual Studio Community 2015\Projects\2DCanvas\Debug\2DCanvas.exe
  2DCanvas.vcxproj -> D:\Visual Studio Community 2015\Projects\2DCanvas\Debug\2DCanvas.pdb (Full PDB)
